#
# A fatal error has been detected by the Java Runtime Environment:
#
#  EXCEPTION_ACCESS_VIOLATION (0xc0000005) at pc=0x000000006f314f27, pid=15248, tid=0x0000000000005b94
#
# JRE version: Java(TM) SE Runtime Environment (8.0_192-b12) (build 1.8.0_192-b12)
# Java VM: Java HotSpot(TM) 64-Bit Server VM (25.192-b12 mixed mode windows-amd64 compressed oops)
# Problematic frame:
# V  [jvm.dll+0x214f27]
#
# Failed to write core dump. Minidumps are not enabled by default on client versions of Windows
#
# If you would like to submit a bug report, please visit:
#   http://bugreport.java.com/bugreport/crash.jsp
#

---------------  T H R E A D  ---------------

Current thread (0x0000000022713800):  JavaThread "http-nio-8005-exec-5" daemon [_thread_in_vm, id=23444, stack(0x000000002a660000,0x000000002a760000)]

siginfo: ExceptionCode=0xc0000005, writing address 0x000000002a754f80

Registers:
RAX=0x000000002a754f80, RBX=0x0000000000000007, RCX=0x0000000000006000, RDX=0x0000000000000013
RSP=0x000000002a75af80, RBP=0x0000000000000000, RSI=0x000000002a75af80, RDI=0x0000000000000007
R8 =0x0000000000000013, R9 =0x0000000020595d20, R10=0x000000001be595e0, R11=0x000000002a66a1a8
R12=0x0000000020595d20, R13=0x0000000022713800, R14=0x000000002a75b048, R15=0x000000001be595e0
RIP=0x000000006f314f27, EFLAGS=0x0000000000010202

Top of Stack: (sp=0x000000002a75af80)
0x000000002a75af80:   000000002887a770 0000000000000000
0x000000002a75af90:   0000000022713800 0000000020595d20
0x000000002a75afa0:   00000000ffffffff 000000006f315e57
0x000000002a75afb0:   000000002a75b0b0 000000001be595e0
0x000000002a75afc0:   0000000022713800 0000000000000000
0x000000002a75afd0:   0000000000000000 000000002887a750
0x000000002a75afe0:   0000000000000000 000000002af6d898
0x000000002a75aff0:   000000001be595e0 0000000022713800
0x000000002a75b000:   0000000002c6cea0 0000000000000000
0x000000002a75b010:   0000000000000000 0000000000000000
0x000000002a75b020:   0000000000000000 0000000000000000
0x000000002a75b030:   00000000212ec018 000000001be595e0
0x000000002a75b040:   0000000022713800 0000000022bdeef8
0x000000002a75b050:   000000002af6d878 0000000000000000
0x000000002a75b060:   000000002a75b390 0000000000000000
0x000000002a75b070:   0000000000000000 0000000000000000 

Instructions: (pc=0x000000006f314f27)
0x000000006f314f07:   48 89 6c 24 30 33 ed 66 90 e8 9b 52 08 00 ff c3
0x000000006f314f17:   48 63 c8 48 8b c6 48 0f af cf 48 ff c7 48 2b c1
0x000000006f314f27:   89 28 48 63 c3 48 3b 05 75 89 59 00 7e db 48 8b
0x000000006f314f37:   6c 24 30 48 8b 5c 24 38 48 8b 74 24 40 48 83 c4 


Register to memory mapping:

RAX=0x000000002a754f80 is pointing into the stack for thread: 0x0000000022713800
RBX=0x0000000000000007 is an unknown value
RCX=0x0000000000006000 is an unknown value
RDX=0x0000000000000013 is an unknown value
RSP=0x000000002a75af80 is pointing into the stack for thread: 0x0000000022713800
RBP=0x0000000000000000 is an unknown value
RSI=0x000000002a75af80 is pointing into the stack for thread: 0x0000000022713800
RDI=0x0000000000000007 is an unknown value
R8 =0x0000000000000013 is an unknown value
R9 =0x0000000020595d20 is an unknown value
R10={method} {0x000000001be595e8} 'transform' '(Ljava/lang/ClassLoader;Ljava/lang/String;Ljava/lang/Class;Ljava/security/ProtectionDomain;[BZ)[B' in 'sun/instrument/InstrumentationImpl'
R11=0x000000002a66a1a8 is pointing into the stack for thread: 0x0000000022713800
R12=0x0000000020595d20 is an unknown value
R13=0x0000000022713800 is a thread
R14=0x000000002a75b048 is pointing into the stack for thread: 0x0000000022713800
R15={method} {0x000000001be595e8} 'transform' '(Ljava/lang/ClassLoader;Ljava/lang/String;Ljava/lang/Class;Ljava/security/ProtectionDomain;[BZ)[B' in 'sun/instrument/InstrumentationImpl'


Stack: [0x000000002a660000,0x000000002a760000],  sp=0x000000002a75af80,  free space=1003k
Native frames: (J=compiled Java code, j=interpreted, Vv=VM code, C=native code)

Java frames: (J=compiled Java code, j=interpreted, Vv=VM code)
J 813  java.lang.ClassLoader.defineClass1(Ljava/lang/String;[BIILjava/security/ProtectionDomain;Ljava/lang/String;)Ljava/lang/Class; (0 bytes) @ 0x0000000002e5a31f [0x0000000002e5a280+0x9f]
J 811 C1 java.lang.ClassLoader.defineClass(Ljava/lang/String;[BIILjava/security/ProtectionDomain;)Ljava/lang/Class; (43 bytes) @ 0x0000000002e5a7ac [0x0000000002e5a6a0+0x10c]
J 815 C1 java.net.URLClassLoader.defineClass(Ljava/lang/String;Lsun/misc/Resource;)Ljava/lang/Class; (142 bytes) @ 0x0000000002e5cda4 [0x0000000002e5c3c0+0x9e4]
J 767 C1 java.net.URLClassLoader$1.run()Ljava/lang/Class; (63 bytes) @ 0x0000000002e44acc [0x0000000002e44a00+0xcc]
J 766 C1 java.net.URLClassLoader$1.run()Ljava/lang/Object; (5 bytes) @ 0x0000000002e446d4 [0x0000000002e446a0+0x34]
v  ~StubRoutines::call_stub
J 537  java.security.AccessController.doPrivileged(Ljava/security/PrivilegedExceptionAction;Ljava/security/AccessControlContext;)Ljava/lang/Object; (0 bytes) @ 0x0000000002dcda26 [0x0000000002dcd9c0+0x66]
J 722 C1 java.net.URLClassLoader.findClass(Ljava/lang/String;)Ljava/lang/Class; (47 bytes) @ 0x0000000002e30fc4 [0x0000000002e30f00+0xc4]
J 3948 C1 java.lang.ClassLoader.loadClass(Ljava/lang/String;Z)Ljava/lang/Class; (122 bytes) @ 0x0000000003408834 [0x0000000003408520+0x314]
J 662 C1 sun.misc.Launcher$AppClassLoader.loadClass(Ljava/lang/String;Z)Ljava/lang/Class; (85 bytes) @ 0x0000000002e16cd4 [0x0000000002e169e0+0x2f4]
J 661 C1 java.lang.ClassLoader.loadClass(Ljava/lang/String;)Ljava/lang/Class; (7 bytes) @ 0x0000000002e166a4 [0x0000000002e16660+0x44]
v  ~StubRoutines::call_stub
j  ch.qos.logback.classic.spi.LoggingEvent.<init>(Ljava/lang/String;Lch/qos/logback/classic/Logger;Lch/qos/logback/classic/Level;Ljava/lang/String;Ljava/lang/Throwable;[Ljava/lang/Object;)V+72
j  ch.qos.logback.classic.Logger.buildLoggingEventAndAppend(Ljava/lang/String;Lorg/slf4j/Marker;Lch/qos/logback/classic/Level;Ljava/lang/String;[Ljava/lang/Object;Ljava/lang/Throwable;)V+13
j  ch.qos.logback.classic.Logger.filterAndLog_0_Or3Plus(Ljava/lang/String;Lorg/slf4j/Marker;Lch/qos/logback/classic/Level;Ljava/lang/String;[Ljava/lang/Object;Ljava/lang/Throwable;)V+57
j  ch.qos.logback.classic.Logger.log(Lorg/slf4j/Marker;Ljava/lang/String;ILjava/lang/String;[Ljava/lang/Object;Ljava/lang/Throwable;)V+17
j  org.slf4j.bridge.SLF4JBridgeHandler.callLocationAwareLogger(Lorg/slf4j/spi/LocationAwareLogger;Ljava/util/logging/LogRecord;)V+88
j  org.slf4j.bridge.SLF4JBridgeHandler.publish(Ljava/util/logging/LogRecord;)V+36
j  java.util.logging.Logger.log(Ljava/util/logging/LogRecord;)V+87
j  java.util.logging.Logger.doLog(Ljava/util/logging/LogRecord;)V+46
j  java.util.logging.Logger.logp(Ljava/util/logging/Level;Ljava/lang/String;Ljava/lang/String;Ljava/lang/String;Ljava/lang/Throwable;)V+43
j  org.apache.juli.logging.DirectJDKLog.log(Ljava/util/logging/Level;Ljava/lang/String;Ljava/lang/Throwable;)V+98
j  org.apache.juli.logging.DirectJDKLog.error(Ljava/lang/Object;Ljava/lang/Throwable;)V+9
j  org.apache.catalina.core.StandardWrapperValve.invoke(Lorg/apache/catalina/connector/Request;Lorg/apache/catalina/connector/Response;)V+1058
j  org.apache.catalina.core.StandardContextValve.invoke(Lorg/apache/catalina/connector/Request;Lorg/apache/catalina/connector/Response;)V+166
j  org.apache.catalina.authenticator.AuthenticatorBase.invoke(Lorg/apache/catalina/connector/Request;Lorg/apache/catalina/connector/Response;)V+260
j  org.apache.catalina.core.StandardHostValve.invoke(Lorg/apache/catalina/connector/Request;Lorg/apache/catalina/connector/Response;)V+114
j  org.apache.catalina.valves.ErrorReportValve.invoke(Lorg/apache/catalina/connector/Request;Lorg/apache/catalina/connector/Response;)V+6
j  org.apache.catalina.core.StandardEngineValve.invoke(Lorg/apache/catalina/connector/Request;Lorg/apache/catalina/connector/Response;)V+45
j  org.apache.catalina.connector.CoyoteAdapter.service(Lorg/apache/coyote/Request;Lorg/apache/coyote/Response;)V+199
j  org.apache.coyote.http11.Http11Processor.service(Lorg/apache/tomcat/util/net/SocketWrapperBase;)Lorg/apache/tomcat/util/net/AbstractEndpoint$Handler$SocketState;+791
j  org.apache.coyote.AbstractProcessorLight.process(Lorg/apache/tomcat/util/net/SocketWrapperBase;Lorg/apache/tomcat/util/net/SocketEvent;)Lorg/apache/tomcat/util/net/AbstractEndpoint$Handler$SocketState;+113
j  org.apache.coyote.AbstractProtocol$ConnectionHandler.process(Lorg/apache/tomcat/util/net/SocketWrapperBase;Lorg/apache/tomcat/util/net/SocketEvent;)Lorg/apache/tomcat/util/net/AbstractEndpoint$Handler$SocketState;+414
j  org.apache.tomcat.util.net.NioEndpoint$SocketProcessor.doRun()V+191
j  org.apache.tomcat.util.net.SocketProcessorBase.run()V+21
j  java.util.concurrent.ThreadPoolExecutor.runWorker(Ljava/util/concurrent/ThreadPoolExecutor$Worker;)V+95
j  java.util.concurrent.ThreadPoolExecutor$Worker.run()V+5
j  org.apache.tomcat.util.threads.TaskThread$WrappingRunnable.run()V+4
j  java.lang.Thread.run()V+11
v  ~StubRoutines::call_stub

---------------  P R O C E S S  ---------------

Java Threads: ( => current thread )
  0x0000000020791000 JavaThread "DiscoveryClient-HeartbeatExecutor-0" daemon [_thread_blocked, id=8676, stack(0x000000002b760000,0x000000002b860000)]
  0x0000000020793000 JavaThread "DiscoveryClient-CacheRefreshExecutor-0" daemon [_thread_blocked, id=244, stack(0x000000002b660000,0x000000002b760000)]
  0x0000000020792800 JavaThread "RMI TCP Connection(idle)" daemon [_thread_blocked, id=12136, stack(0x000000002b260000,0x000000002b360000)]
  0x0000000020787000 JavaThread "RMI TCP Connection(idle)" daemon [_thread_blocked, id=8604, stack(0x000000002b160000,0x000000002b260000)]
  0x0000000020788800 JavaThread "DestroyJavaVM" [_thread_blocked, id=22036, stack(0x0000000002850000,0x0000000002950000)]
  0x0000000020789800 JavaThread "http-nio-8005-Acceptor-0" daemon [_thread_in_native, id=25840, stack(0x000000002ae60000,0x000000002af60000)]
  0x000000002078e000 JavaThread "http-nio-8005-ClientPoller-1" daemon [_thread_in_native, id=33024, stack(0x000000002ad60000,0x000000002ae60000)]
  0x000000002078d000 JavaThread "http-nio-8005-ClientPoller-0" daemon [_thread_in_native, id=20312, stack(0x000000002ac60000,0x000000002ad60000)]
  0x000000002078c800 JavaThread "http-nio-8005-exec-10" daemon [_thread_blocked, id=30420, stack(0x000000002ab60000,0x000000002ac60000)]
  0x0000000020788000 JavaThread "http-nio-8005-exec-9" daemon [_thread_blocked, id=8040, stack(0x000000002aa60000,0x000000002ab60000)]
  0x000000002078b800 JavaThread "http-nio-8005-exec-8" daemon [_thread_blocked, id=31000, stack(0x000000002a960000,0x000000002aa60000)]
  0x000000002078b000 JavaThread "http-nio-8005-exec-7" daemon [_thread_blocked, id=27120, stack(0x000000002a860000,0x000000002a960000)]
  0x000000002078a000 JavaThread "http-nio-8005-exec-6" daemon [_thread_blocked, id=7264, stack(0x000000002a760000,0x000000002a860000)]
=>0x0000000022713800 JavaThread "http-nio-8005-exec-5" daemon [_thread_in_vm, id=23444, stack(0x000000002a660000,0x000000002a760000)]
  0x0000000022712800 JavaThread "http-nio-8005-exec-4" daemon [_thread_blocked, id=15228, stack(0x000000002a560000,0x000000002a660000)]
  0x0000000022709800 JavaThread "http-nio-8005-exec-3" daemon [_thread_blocked, id=7528, stack(0x000000002a460000,0x000000002a560000)]
  0x0000000022710800 JavaThread "http-nio-8005-exec-2" daemon [_thread_blocked, id=21076, stack(0x000000002a360000,0x000000002a460000)]
  0x000000002270f800 JavaThread "http-nio-8005-exec-1" daemon [_thread_blocked, id=12084, stack(0x000000002a260000,0x000000002a360000)]
  0x000000002270e000 JavaThread "NioBlockingSelector.BlockPoller-1" daemon [_thread_in_native, id=15632, stack(0x0000000026c80000,0x0000000026d80000)]
  0x0000000022711000 JavaThread "DiscoveryClient-InstanceInfoReplicator-0" daemon [_thread_blocked, id=5032, stack(0x0000000029190000,0x0000000029290000)]
  0x000000002270f000 JavaThread "DiscoveryClient-1" daemon [_thread_blocked, id=30692, stack(0x0000000029090000,0x0000000029190000)]
  0x0000000022712000 JavaThread "DiscoveryClient-0" daemon [_thread_blocked, id=9028, stack(0x0000000028f90000,0x0000000029090000)]
  0x0000000022707800 JavaThread "AsyncResolver-bootstrap-0" daemon [_thread_blocked, id=24076, stack(0x0000000028e90000,0x0000000028f90000)]
  0x000000002270d800 JavaThread "Eureka-JerseyClient-Conn-Cleaner2" daemon [_thread_blocked, id=22356, stack(0x0000000028d90000,0x0000000028e90000)]
  0x0000000022706000 JavaThread "RMI TCP Connection(idle)" daemon [_thread_blocked, id=15940, stack(0x0000000028c90000,0x0000000028d90000)]
  0x000000002270c800 JavaThread "DiscoveryClient-1" daemon [_thread_blocked, id=9296, stack(0x0000000028b90000,0x0000000028c90000)]
  0x0000000022705000 JavaThread "DiscoveryClient-CacheRefreshExecutor-0" daemon [_thread_blocked, id=34112, stack(0x0000000028a90000,0x0000000028b90000)]
  0x0000000022708000 JavaThread "spring.cloud.inetutils" daemon [_thread_blocked, id=20296, stack(0x0000000028990000,0x0000000028a90000)]
  0x000000002270c000 JavaThread "NettyClientSelector_TMROLE_1" daemon [_thread_in_native, id=5736, stack(0x0000000027380000,0x0000000027480000)]
  0x0000000022704800 JavaThread "RxCachedWorkerPoolEvictor-1" daemon [_thread_blocked, id=32496, stack(0x0000000027280000,0x0000000027380000)]
  0x000000002270a800 JavaThread "RxSchedulerPurge-1" daemon [_thread_blocked, id=24656, stack(0x0000000027180000,0x0000000027280000)]
  0x0000000022709000 JavaThread "tableMetaChecker_1" daemon [_thread_blocked, id=19100, stack(0x0000000026780000,0x0000000026880000)]
  0x000000002270b000 JavaThread "NettyClientSelector_RMROLE_1" daemon [_thread_in_native, id=18472, stack(0x0000000025670000,0x0000000025770000)]
  0x0000000022706800 JavaThread "DiscoveryClient-0" daemon [_thread_blocked, id=28980, stack(0x0000000025370000,0x0000000025470000)]
  0x00000000223b0800 JavaThread "AsyncResolver-bootstrap-0" daemon [_thread_blocked, id=12572, stack(0x0000000024f70000,0x0000000025070000)]
  0x00000000223aa800 JavaThread "Eureka-JerseyClient-Conn-Cleaner2" daemon [_thread_blocked, id=6132, stack(0x0000000024e70000,0x0000000024f70000)]
  0x00000000223af800 JavaThread "Druid-ConnectionPool-Destroy-1470959992" daemon [_thread_blocked, id=24632, stack(0x0000000024770000,0x0000000024870000)]
  0x00000000223ae000 JavaThread "Druid-ConnectionPool-Create-1470959992" daemon [_thread_blocked, id=15520, stack(0x0000000024670000,0x0000000024770000)]
  0x00000000223ac800 JavaThread "Abandoned connection cleanup thread" daemon [_thread_blocked, id=7500, stack(0x0000000024570000,0x0000000024670000)]
  0x00000000223b1000 JavaThread "container-0" [_thread_blocked, id=13528, stack(0x0000000024270000,0x0000000024370000)]
  0x00000000223ac000 JavaThread "Catalina-utility-2" [_thread_blocked, id=17548, stack(0x0000000024170000,0x0000000024270000)]
  0x00000000223ab000 JavaThread "Catalina-utility-1" [_thread_blocked, id=25252, stack(0x0000000024070000,0x0000000024170000)]
  0x00000000223af000 JavaThread "rpcMergeMessageSend_RMROLE_1" daemon [_thread_blocked, id=13892, stack(0x0000000023b70000,0x0000000023c70000)]
  0x00000000223ad800 JavaThread "timeoutChecker_1" daemon [_thread_blocked, id=21820, stack(0x0000000023a70000,0x0000000023b70000)]
  0x00000000222b0000 JavaThread "AsyncWorker_1" daemon [_thread_blocked, id=14436, stack(0x0000000023970000,0x0000000023a70000)]
  0x00000000222ae000 JavaThread "rpcMergeMessageSend_TMROLE_1" daemon [_thread_blocked, id=10536, stack(0x0000000023870000,0x0000000023970000)]
  0x0000000022285800 JavaThread "timeoutChecker_1" daemon [_thread_blocked, id=2412, stack(0x0000000023770000,0x0000000023870000)]
  0x000000002226d000 JavaThread "configOperate_1_2" daemon [_thread_blocked, id=25260, stack(0x0000000023570000,0x0000000023670000)]
  0x000000002226c800 JavaThread "configChange_1" daemon [_thread_blocked, id=23520, stack(0x0000000023470000,0x0000000023570000)]
  0x00000000222a2800 JavaThread "configOperate_1_2" daemon [_thread_blocked, id=31160, stack(0x0000000023370000,0x0000000023470000)]
  0x00000000222a2000 JavaThread "configChange_1" daemon [_thread_blocked, id=31544, stack(0x0000000020ea0000,0x0000000020fa0000)]
  0x0000000020021800 JavaThread "RMI Scheduler(0)" daemon [_thread_blocked, id=27612, stack(0x00000000214a0000,0x00000000215a0000)]
  0x00000000200b0000 JavaThread "RMI TCP Connection(idle)" daemon [_thread_blocked, id=3708, stack(0x00000000211a0000,0x00000000212a0000)]
  0x000000001fb88000 JavaThread "RMI TCP Accept-0" daemon [_thread_in_native, id=28888, stack(0x00000000209f0000,0x0000000020af0000)]
  0x000000001f311000 JavaThread "Service Thread" daemon [_thread_blocked, id=20432, stack(0x000000001f920000,0x000000001fa20000)]
  0x000000001f2b7800 JavaThread "C1 CompilerThread3" daemon [_thread_blocked, id=16604, stack(0x000000001f820000,0x000000001f920000)]
  0x000000001f2b7000 JavaThread "C2 CompilerThread2" daemon [_thread_blocked, id=35016, stack(0x000000001f720000,0x000000001f820000)]
  0x000000001f2b4000 JavaThread "C2 CompilerThread1" daemon [_thread_blocked, id=30724, stack(0x000000001f620000,0x000000001f720000)]
  0x000000001f295800 JavaThread "C2 CompilerThread0" daemon [_thread_blocked, id=21308, stack(0x000000001f520000,0x000000001f620000)]
  0x000000001f2b1000 JavaThread "Monitor Ctrl-Break" daemon [_thread_in_native, id=5364, stack(0x000000001f420000,0x000000001f520000)]
  0x000000001e4b9800 JavaThread "Attach Listener" daemon [_thread_blocked, id=23528, stack(0x000000001eb20000,0x000000001ec20000)]
  0x000000001e465000 JavaThread "Signal Dispatcher" daemon [_thread_blocked, id=12828, stack(0x000000001ea20000,0x000000001eb20000)]
  0x000000001e440800 JavaThread "Finalizer" daemon [_thread_blocked, id=22004, stack(0x000000001e920000,0x000000001ea20000)]
  0x000000001c653000 JavaThread "Reference Handler" daemon [_thread_blocked, id=31992, stack(0x000000001e820000,0x000000001e920000)]

Other Threads:
  0x000000001c649800 VMThread [stack: 0x000000001e320000,0x000000001e420000] [id=26604]
  0x000000001fb91000 WatcherThread [stack: 0x0000000020af0000,0x0000000020bf0000] [id=34776]

VM state:not at safepoint (normal execution)

VM Mutex/Monitor currently owned by a thread: None

OutOfMemory and StackOverflow Exception counts:
StackOverflowErrors=1

heap address: 0x00000006c1600000, size: 4074 MB, Compressed Oops mode: Zero based, Oop shift amount: 3
Narrow klass base: 0x0000000000000000, Narrow klass shift: 3
Compressed class space size: 1073741824 Address: 0x00000007c0000000

Heap:
 PSYoungGen      total 313344K, used 276742K [0x000000076b200000, 0x0000000782f00000, 0x00000007c0000000)
  eden space 291328K, 94% used [0x000000076b200000,0x000000077c0418c8,0x000000077ce80000)
  from space 22016K, 0% used [0x000000077e500000,0x000000077e500000,0x000000077fa80000)
  to   space 23040K, 0% used [0x000000077ce80000,0x000000077ce80000,0x000000077e500000)
 ParOldGen       total 205312K, used 30149K [0x00000006c1600000, 0x00000006cde80000, 0x000000076b200000)
  object space 205312K, 14% used [0x00000006c1600000,0x00000006c3371600,0x00000006cde80000)
 Metaspace       used 67115K, capacity 69516K, committed 69632K, reserved 1110016K
  class space    used 8688K, capacity 9161K, committed 9216K, reserved 1048576K

Card table byte_map: [0x0000000011fc0000,0x00000000127c0000] byte_map_base: 0x000000000e9b5000

Marking Bits: (ParMarkBitMap*) 0x000000006f923ce0
 Begin Bits: [0x0000000013510000, 0x00000000174b8000)
 End Bits:   [0x00000000174b8000, 0x000000001b460000)

Polling page: 0x00000000022d0000

CodeCache: size=245760Kb used=11415Kb max_used=11415Kb free=234344Kb
 bounds [0x0000000002c00000, 0x0000000003730000, 0x0000000011c00000]
 total_blobs=6460 nmethods=5792 adapters=580
 compilation: enabled

Compilation events (10 events):
Event: 53.553 Thread 0x000000001f2b7800 5925       1       java.util.concurrent.ScheduledThreadPoolExecutor$DelayedWorkQueue$Itr::hasNext (18 bytes)
Event: 53.553 Thread 0x000000001f2b7800 nmethod 5925 0x00000000037275d0 code [0x0000000003727720, 0x0000000003727850]
Event: 53.584 Thread 0x000000001f2b7800 5926       1       java.util.concurrent.ScheduledThreadPoolExecutor$DelayedWorkQueue::add (9 bytes)
Event: 53.584 Thread 0x000000001f2b7800 nmethod 5926 0x00000000037278d0 code [0x0000000003727a40, 0x0000000003727bc8]
Event: 53.584 Thread 0x000000001f2b7800 5927       1       java.util.concurrent.ScheduledThreadPoolExecutor$DelayedWorkQueue::add (6 bytes)
Event: 53.585 Thread 0x000000001f2b7800 nmethod 5927 0x0000000003727c90 code [0x0000000003727de0, 0x0000000003727f08]
Event: 55.120 Thread 0x000000001f2b7800 5928       1       java.nio.channels.spi.AbstractSelector::isOpen (8 bytes)
Event: 55.120 Thread 0x000000001f2b7800 nmethod 5928 0x0000000003727f90 code [0x00000000037280e0, 0x0000000003728210]
Event: 55.120 Thread 0x000000001f2b7800 5929       1       java.nio.HeapByteBuffer::put (17 bytes)
Event: 55.120 Thread 0x000000001f2b7800 nmethod 5929 0x0000000003728290 code [0x00000000037283e0, 0x0000000003728530]

GC Heap History (10 events):
Event: 5.887 GC heap before
{Heap before GC invocations=9 (full 2):
 PSYoungGen      total 164864K, used 13666K [0x000000076b200000, 0x000000077be00000, 0x00000007c0000000)
  eden space 151040K, 0% used [0x000000076b200000,0x000000076b200000,0x0000000774580000)
  from space 13824K, 98% used [0x0000000774580000,0x00000007752d8a20,0x0000000775300000)
  to   space 15872K, 0% used [0x000000077ae80000,0x000000077ae80000,0x000000077be00000)
 ParOldGen       total 102400K, used 10690K [0x00000006c1600000, 0x00000006c7a00000, 0x000000076b200000)
  object space 102400K, 10% used [0x00000006c1600000,0x00000006c2070b50,0x00000006c7a00000)
 Metaspace       used 33803K, capacity 35282K, committed 35456K, reserved 1079296K
  class space    used 4554K, capacity 4867K, committed 4992K, reserved 1048576K
Event: 5.929 GC heap after
Heap after GC invocations=9 (full 2):
 PSYoungGen      total 164864K, used 0K [0x000000076b200000, 0x000000077be00000, 0x00000007c0000000)
  eden space 151040K, 0% used [0x000000076b200000,0x000000076b200000,0x0000000774580000)
  from space 13824K, 0% used [0x0000000774580000,0x0000000774580000,0x0000000775300000)
  to   space 15872K, 0% used [0x000000077ae80000,0x000000077ae80000,0x000000077be00000)
 ParOldGen       total 159232K, used 19339K [0x00000006c1600000, 0x00000006cb180000, 0x000000076b200000)
  object space 159232K, 12% used [0x00000006c1600000,0x00000006c28e2ec0,0x00000006cb180000)
 Metaspace       used 33803K, capacity 35282K, committed 35456K, reserved 1079296K
  class space    used 4554K, capacity 4867K, committed 4992K, reserved 1048576K
}
Event: 7.299 GC heap before
{Heap before GC invocations=10 (full 2):
 PSYoungGen      total 164864K, used 151040K [0x000000076b200000, 0x000000077be00000, 0x00000007c0000000)
  eden space 151040K, 100% used [0x000000076b200000,0x0000000774580000,0x0000000774580000)
  from space 13824K, 0% used [0x0000000774580000,0x0000000774580000,0x0000000775300000)
  to   space 15872K, 0% used [0x000000077ae80000,0x000000077ae80000,0x000000077be00000)
 ParOldGen       total 159232K, used 19339K [0x00000006c1600000, 0x00000006cb180000, 0x000000076b200000)
  object space 159232K, 12% used [0x00000006c1600000,0x00000006c28e2ec0,0x00000006cb180000)
 Metaspace       used 43818K, capacity 45372K, committed 45568K, reserved 1089536K
  class space    used 5744K, capacity 6058K, committed 6144K, reserved 1048576K
Event: 7.310 GC heap after
Heap after GC invocations=10 (full 2):
 PSYoungGen      total 241152K, used 14765K [0x000000076b200000, 0x000000077bd00000, 0x00000007c0000000)
  eden space 226304K, 0% used [0x000000076b200000,0x000000076b200000,0x0000000778f00000)
  from space 14848K, 99% used [0x000000077ae80000,0x000000077bceb4a0,0x000000077bd00000)
  to   space 17408K, 0% used [0x0000000779b00000,0x0000000779b00000,0x000000077ac00000)
 ParOldGen       total 159232K, used 19347K [0x00000006c1600000, 0x00000006cb180000, 0x000000076b200000)
  object space 159232K, 12% used [0x00000006c1600000,0x00000006c28e4ec0,0x00000006cb180000)
 Metaspace       used 43818K, capacity 45372K, committed 45568K, reserved 1089536K
  class space    used 5744K, capacity 6058K, committed 6144K, reserved 1048576K
}
Event: 10.330 GC heap before
{Heap before GC invocations=11 (full 2):
 PSYoungGen      total 241152K, used 241069K [0x000000076b200000, 0x000000077bd00000, 0x00000007c0000000)
  eden space 226304K, 100% used [0x000000076b200000,0x0000000778f00000,0x0000000778f00000)
  from space 14848K, 99% used [0x000000077ae80000,0x000000077bceb4a0,0x000000077bd00000)
  to   space 17408K, 0% used [0x0000000779b00000,0x0000000779b00000,0x000000077ac00000)
 ParOldGen       total 159232K, used 19347K [0x00000006c1600000, 0x00000006cb180000, 0x000000076b200000)
  object space 159232K, 12% used [0x00000006c1600000,0x00000006c28e4ec0,0x00000006cb180000)
 Metaspace       used 55804K, capacity 57608K, committed 57856K, reserved 1099776K
  class space    used 7267K, capacity 7609K, committed 7680K, reserved 1048576K
Event: 10.358 GC heap after
Heap after GC invocations=11 (full 2):
 PSYoungGen      total 256000K, used 17399K [0x000000076b200000, 0x000000077fa80000, 0x00000007c0000000)
  eden space 238592K, 0% used [0x000000076b200000,0x000000076b200000,0x0000000779b00000)
  from space 17408K, 99% used [0x0000000779b00000,0x000000077abfdc20,0x000000077ac00000)
  to   space 22016K, 0% used [0x000000077e500000,0x000000077e500000,0x000000077fa80000)
 ParOldGen       total 159232K, used 25773K [0x00000006c1600000, 0x00000006cb180000, 0x000000076b200000)
  object space 159232K, 16% used [0x00000006c1600000,0x00000006c2f2b4f8,0x00000006cb180000)
 Metaspace       used 55804K, capacity 57608K, committed 57856K, reserved 1099776K
  class space    used 7267K, capacity 7609K, committed 7680K, reserved 1048576K
}
Event: 10.558 GC heap before
{Heap before GC invocations=12 (full 2):
 PSYoungGen      total 256000K, used 40387K [0x000000076b200000, 0x000000077fa80000, 0x00000007c0000000)
  eden space 238592K, 9% used [0x000000076b200000,0x000000076c873120,0x0000000779b00000)
  from space 17408K, 99% used [0x0000000779b00000,0x000000077abfdc20,0x000000077ac00000)
  to   space 22016K, 0% used [0x000000077e500000,0x000000077e500000,0x000000077fa80000)
 ParOldGen       total 159232K, used 25773K [0x00000006c1600000, 0x00000006cb180000, 0x000000076b200000)
  object space 159232K, 16% used [0x00000006c1600000,0x00000006c2f2b4f8,0x00000006cb180000)
 Metaspace       used 57098K, capacity 58848K, committed 59096K, reserved 1101824K
  class space    used 7356K, capacity 7743K, committed 7808K, reserved 1048576K
Event: 10.580 GC heap after
Heap after GC invocations=12 (full 2):
 PSYoungGen      total 313344K, used 16163K [0x000000076b200000, 0x0000000782f00000, 0x00000007c0000000)
  eden space 291328K, 0% used [0x000000076b200000,0x000000076b200000,0x000000077ce80000)
  from space 22016K, 73% used [0x000000077e500000,0x000000077f4c8e30,0x000000077fa80000)
  to   space 23040K, 0% used [0x000000077ce80000,0x000000077ce80000,0x000000077e500000)
 ParOldGen       total 159232K, used 25781K [0x00000006c1600000, 0x00000006cb180000, 0x000000076b200000)
  object space 159232K, 16% used [0x00000006c1600000,0x00000006c2f2d4f8,0x00000006cb180000)
 Metaspace       used 57098K, capacity 58848K, committed 59096K, reserved 1101824K
  class space    used 7356K, capacity 7743K, committed 7808K, reserved 1048576K
}
Event: 10.580 GC heap before
{Heap before GC invocations=13 (full 3):
 PSYoungGen      total 313344K, used 16163K [0x000000076b200000, 0x0000000782f00000, 0x00000007c0000000)
  eden space 291328K, 0% used [0x000000076b200000,0x000000076b200000,0x000000077ce80000)
  from space 22016K, 73% used [0x000000077e500000,0x000000077f4c8e30,0x000000077fa80000)
  to   space 23040K, 0% used [0x000000077ce80000,0x000000077ce80000,0x000000077e500000)
 ParOldGen       total 159232K, used 25781K [0x00000006c1600000, 0x00000006cb180000, 0x000000076b200000)
  object space 159232K, 16% used [0x00000006c1600000,0x00000006c2f2d4f8,0x00000006cb180000)
 Metaspace       used 57098K, capacity 58848K, committed 59096K, reserved 1101824K
  class space    used 7356K, capacity 7743K, committed 7808K, reserved 1048576K
Event: 10.785 GC heap after
Heap after GC invocations=13 (full 3):
 PSYoungGen      total 313344K, used 0K [0x000000076b200000, 0x0000000782f00000, 0x00000007c0000000)
  eden space 291328K, 0% used [0x000000076b200000,0x000000076b200000,0x000000077ce80000)
  from space 22016K, 0% used [0x000000077e500000,0x000000077e500000,0x000000077fa80000)
  to   space 23040K, 0% used [0x000000077ce80000,0x000000077ce80000,0x000000077e500000)
 ParOldGen       total 205312K, used 30149K [0x00000006c1600000, 0x00000006cde80000, 0x000000076b200000)
  object space 205312K, 14% used [0x00000006c1600000,0x00000006c3371600,0x00000006cde80000)
 Metaspace       used 57098K, capacity 58848K, committed 59096K, reserved 1101824K
  class space    used 7356K, capacity 7743K, committed 7808K, reserved 1048576K
}

Deoptimization events (0 events):
No events

Classes redefined (0 events):
No events

Internal exceptions (10 events):
Event: 35.824 Thread 0x0000000022709800 Exception <a 'java/lang/ArrayIndexOutOfBoundsException'> (0x000000077b335a78) thrown at [C:\workspace\8-2-build-windows-amd64-cygwin\jdk8u192\11897\hotspot\src\share\vm\runtime\sharedRuntime.cpp, line 605]
Event: 35.829 Thread 0x0000000022709800 Exception <a 'java/lang/ArrayIndexOutOfBoundsException'> (0x000000077b3ab680) thrown at [C:\workspace\8-2-build-windows-amd64-cygwin\jdk8u192\11897\hotspot\src\share\vm\runtime\sharedRuntime.cpp, line 605]
Event: 35.830 Thread 0x0000000022709800 Exception <a 'java/lang/ArrayIndexOutOfBoundsException'> (0x000000077b3aca48) thrown at [C:\workspace\8-2-build-windows-amd64-cygwin\jdk8u192\11897\hotspot\src\share\vm\runtime\sharedRuntime.cpp, line 605]
Event: 38.238 Thread 0x0000000022705000 Exception <a 'java/net/SocketTimeoutException': Read timed out> (0x00000007737e4a30) thrown at [C:\workspace\8-2-build-windows-amd64-cygwin\jdk8u192\11897\hotspot\src\share\vm\prims\jni.cpp, line 735]
Event: 43.265 Thread 0x0000000022705000 Exception <a 'java/net/SocketTimeoutException': Read timed out> (0x0000000773804080) thrown at [C:\workspace\8-2-build-windows-amd64-cygwin\jdk8u192\11897\hotspot\src\share\vm\prims\jni.cpp, line 735]
Event: 44.418 Thread 0x0000000020793000 Exception <a 'java/net/SocketTimeoutException': Read timed out> (0x000000077ba4d1f8) thrown at [C:\workspace\8-2-build-windows-amd64-cygwin\jdk8u192\11897\hotspot\src\share\vm\prims\jni.cpp, line 735]
Event: 48.294 Thread 0x0000000022705000 Exception <a 'java/net/SocketTimeoutException': Read timed out> (0x000000077b722168) thrown at [C:\workspace\8-2-build-windows-amd64-cygwin\jdk8u192\11897\hotspot\src\share\vm\prims\jni.cpp, line 735]
Event: 53.336 Thread 0x0000000022705000 Exception <a 'java/net/SocketTimeoutException': Read timed out> (0x000000077b743cf8) thrown at [C:\workspace\8-2-build-windows-amd64-cygwin\jdk8u192\11897\hotspot\src\share\vm\prims\jni.cpp, line 735]
Event: 55.121 Thread 0x0000000022713800 StackOverflowError at 0x0000000002fc26e0
Event: 55.121 Thread 0x0000000022713800 Exception <a 'java/lang/StackOverflowError'> (0x000000077bf71eb8) thrown at [C:\workspace\8-2-build-windows-amd64-cygwin\jdk8u192\11897\hotspot\src\share\vm\runtime\sharedRuntime.cpp, line 605]

Events (10 events):
Event: 55.121 loading class org/apache/catalina/connector/ClientAbortException
Event: 55.121 loading class org/apache/catalina/connector/ClientAbortException done
Event: 55.122 loading class org/apache/coyote/CloseNowException
Event: 55.122 loading class org/apache/coyote/CloseNowException done
Event: 55.122 loading class javax/servlet/UnavailableException
Event: 55.122 loading class javax/servlet/UnavailableException done
Event: 55.123 Executing VM operation: RevokeBias
Event: 55.123 Executing VM operation: RevokeBias done
Event: 55.123 loading class ch/qos/logback/classic/spi/ThrowableProxy
Event: 55.123 loading class ch/qos/logback/classic/spi/ThrowableProxy done


Dynamic libraries:
0x00007ff784190000 - 0x00007ff7841c7000 	D:\jdk\bin\java.exe
0x00007ff9f58d0000 - 0x00007ff9f5ac5000 	C:\WINDOWS\SYSTEM32\ntdll.dll
0x00007ff9f4d50000 - 0x00007ff9f4e0e000 	C:\WINDOWS\System32\KERNEL32.DLL
0x00007ff9f2ff0000 - 0x00007ff9f32b8000 	C:\WINDOWS\System32\KERNELBASE.dll
0x00007ff9f4ca0000 - 0x00007ff9f4d4e000 	C:\WINDOWS\System32\ADVAPI32.dll
0x00007ff9f4c00000 - 0x00007ff9f4c9e000 	C:\WINDOWS\System32\msvcrt.dll
0x00007ff9f46d0000 - 0x00007ff9f476c000 	C:\WINDOWS\System32\sechost.dll
0x00007ff9f44f0000 - 0x00007ff9f4615000 	C:\WINDOWS\System32\RPCRT4.dll
0x00007ff9f5620000 - 0x00007ff9f57c0000 	C:\WINDOWS\System32\USER32.dll
0x00007ff9f3800000 - 0x00007ff9f3822000 	C:\WINDOWS\System32\win32u.dll
0x00007ff9f5100000 - 0x00007ff9f512b000 	C:\WINDOWS\System32\GDI32.dll
0x00007ff9f32c0000 - 0x00007ff9f33cb000 	C:\WINDOWS\System32\gdi32full.dll
0x00007ff9f3460000 - 0x00007ff9f34fd000 	C:\WINDOWS\System32\msvcp_win.dll
0x00007ff9f3700000 - 0x00007ff9f3800000 	C:\WINDOWS\System32\ucrtbase.dll
0x00007ff9e1070000 - 0x00007ff9e130a000 	C:\WINDOWS\WinSxS\amd64_microsoft.windows.common-controls_6595b64144ccf1df_6.0.19041.1110_none_60b5254171f9507e\COMCTL32.dll
0x00007ff9f51a0000 - 0x00007ff9f51d0000 	C:\WINDOWS\System32\IMM32.DLL
0x0000000070490000 - 0x0000000070561000 	D:\jdk\jre\bin\msvcr100.dll
0x000000006f100000 - 0x000000006f9a3000 	D:\jdk\jre\bin\server\jvm.dll
0x00007ff9f50f0000 - 0x00007ff9f50f8000 	C:\WINDOWS\System32\PSAPI.DLL
0x00007ff9e14c0000 - 0x00007ff9e14e7000 	C:\WINDOWS\SYSTEM32\WINMM.dll
0x00007ff9eb7f0000 - 0x00007ff9eb7f9000 	C:\WINDOWS\SYSTEM32\WSOCK32.dll
0x00007ff9e7830000 - 0x00007ff9e783a000 	C:\WINDOWS\SYSTEM32\VERSION.dll
0x00007ff9f5130000 - 0x00007ff9f519b000 	C:\WINDOWS\System32\WS2_32.dll
0x00007ff9e89f0000 - 0x00007ff9e89ff000 	D:\jdk\jre\bin\verify.dll
0x00007ff9d4e70000 - 0x00007ff9d4e99000 	D:\jdk\jre\bin\java.dll
0x00007ff9df570000 - 0x00007ff9df593000 	D:\jdk\jre\bin\instrument.dll
0x00007ff9d46e0000 - 0x00007ff9d46f6000 	D:\jdk\jre\bin\zip.dll
0x00007ff9f3930000 - 0x00007ff9f4074000 	C:\WINDOWS\System32\SHELL32.dll
0x00007ff9ee060000 - 0x00007ff9ee7f4000 	C:\WINDOWS\SYSTEM32\windows.storage.dll
0x00007ff9f4770000 - 0x00007ff9f4ac4000 	C:\WINDOWS\System32\combase.dll
0x00007ff9f2a50000 - 0x00007ff9f2a7c000 	C:\WINDOWS\SYSTEM32\Wldp.dll
0x00007ff9f4620000 - 0x00007ff9f46cd000 	C:\WINDOWS\System32\SHCORE.dll
0x00007ff9f53e0000 - 0x00007ff9f5435000 	C:\WINDOWS\System32\shlwapi.dll
0x00007ff9f2f30000 - 0x00007ff9f2f4f000 	C:\WINDOWS\SYSTEM32\profapi.dll
0x00007ff9df4f0000 - 0x00007ff9df50a000 	D:\IntelliJ IDEA 2020.2.2\bin\breakgen64.dll
0x00007ff9c9c90000 - 0x00007ff9c9caa000 	D:\jdk\jre\bin\net.dll
0x00007ff9f27b0000 - 0x00007ff9f281a000 	C:\WINDOWS\system32\mswsock.dll
0x00007ff9f24a0000 - 0x00007ff9f256a000 	C:\WINDOWS\SYSTEM32\DNSAPI.dll
0x00007ff9f2450000 - 0x00007ff9f248b000 	C:\WINDOWS\SYSTEM32\IPHLPAPI.DLL
0x00007ff9f5440000 - 0x00007ff9f5448000 	C:\WINDOWS\System32\NSI.dll
0x00007ff9e7770000 - 0x00007ff9e777a000 	C:\Windows\System32\rasadhlp.dll
0x00007ff9e1950000 - 0x00007ff9e19cf000 	C:\WINDOWS\System32\fwpuclnt.dll
0x00007ff9f3500000 - 0x00007ff9f3527000 	C:\WINDOWS\System32\bcrypt.dll
0x00007ff9eb9c0000 - 0x00007ff9eb9cd000 	D:\jdk\jre\bin\management.dll
0x00007ff9c91f0000 - 0x00007ff9c9201000 	D:\jdk\jre\bin\nio.dll
0x00007ff9f29a0000 - 0x00007ff9f29b8000 	C:\WINDOWS\SYSTEM32\CRYPTSP.dll
0x00007ff9f20c0000 - 0x00007ff9f20f4000 	C:\WINDOWS\system32\rsaenh.dll
0x00007ff9f2eb0000 - 0x00007ff9f2ede000 	C:\WINDOWS\SYSTEM32\USERENV.dll
0x00007ff9f33d0000 - 0x00007ff9f3452000 	C:\WINDOWS\System32\bcryptprimitives.dll
0x00007ff9f29c0000 - 0x00007ff9f29cc000 	C:\WINDOWS\SYSTEM32\CRYPTBASE.dll
0x00007ff9e7860000 - 0x00007ff9e7877000 	C:\WINDOWS\SYSTEM32\dhcpcsvc6.DLL
0x00007ff9e7840000 - 0x00007ff9e785d000 	C:\WINDOWS\SYSTEM32\dhcpcsvc.DLL
0x00007ff9dbdb0000 - 0x00007ff9dbdc7000 	C:\WINDOWS\system32\napinsp.dll
0x00007ff9db990000 - 0x00007ff9db9ab000 	C:\WINDOWS\system32\pnrpnsp.dll
0x00007ff9eac80000 - 0x00007ff9eac95000 	C:\WINDOWS\system32\wshbth.dll
0x00007ff9eb540000 - 0x00007ff9eb55d000 	C:\WINDOWS\system32\NLAapi.dll
0x00007ff9db970000 - 0x00007ff9db982000 	C:\WINDOWS\System32\winrnr.dll
0x00007ff9d4eb0000 - 0x00007ff9d4ed4000 	D:\jdk\jre\bin\sunec.dll
0x00007ff9e7930000 - 0x00007ff9e793b000 	D:\jdk\jre\bin\sunmscapi.dll
0x00007ff9f35a0000 - 0x00007ff9f36f6000 	C:\WINDOWS\System32\CRYPT32.dll
0x00007ff9ede70000 - 0x00007ff9ee054000 	C:\WINDOWS\SYSTEM32\dbghelp.dll

VM Arguments:
jvm_args: -XX:TieredStopAtLevel=1 -Xverify:none -Dspring.output.ansi.enabled=always -Dcom.sun.management.jmxremote -Dspring.jmx.enabled=true -Dspring.liveBeansView.mbeanDomain -Dspring.application.admin.enabled=true -javaagent:D:\IntelliJ IDEA 2020.2.2\lib\idea_rt.jar=10063:D:\IntelliJ IDEA 2020.2.2\bin -Dfile.encoding=UTF-8 
java_command: com.ffk.OrderServiceApplication
java_class_path (initial): D:\jdk\jre\lib\charsets.jar;D:\jdk\jre\lib\deploy.jar;D:\jdk\jre\lib\ext\access-bridge-64.jar;D:\jdk\jre\lib\ext\cldrdata.jar;D:\jdk\jre\lib\ext\dnsns.jar;D:\jdk\jre\lib\ext\jaccess.jar;D:\jdk\jre\lib\ext\jfxrt.jar;D:\jdk\jre\lib\ext\localedata.jar;D:\jdk\jre\lib\ext\nashorn.jar;D:\jdk\jre\lib\ext\sunec.jar;D:\jdk\jre\lib\ext\sunjce_provider.jar;D:\jdk\jre\lib\ext\sunmscapi.jar;D:\jdk\jre\lib\ext\sunpkcs11.jar;D:\jdk\jre\lib\ext\zipfs.jar;D:\jdk\jre\lib\javaws.jar;D:\jdk\jre\lib\jce.jar;D:\jdk\jre\lib\jfr.jar;D:\jdk\jre\lib\jfxswt.jar;D:\jdk\jre\lib\jsse.jar;D:\jdk\jre\lib\management-agent.jar;D:\jdk\jre\lib\plugin.jar;D:\jdk\jre\lib\resources.jar;D:\jdk\jre\lib\rt.jar;C:\Users\房发科\IdeaProjects\Rental_Platform\Rental_Platform_OrderService\target\classes;D:\apache-maven-3.6.3\maven-repo\org\springframework\boot\spring-boot-starter-web\2.1.4.RELEASE\spring-boot-starter-web-2.1.4.RELEASE.jar;D:\apache-maven-3.6.3\maven-repo\org\springframework\boot\spring-boot-starter\2.1.4.RELEASE\spring-boot-starter-2.1.4.RELEASE.jar;D:\apache-maven-3.6.3\maven-repo\org\springframework\boot\spring-boot\2.1.4.RELEASE\spring-boot-2.1.4.RELEASE.jar;D:\apache-maven-3.6.3\maven-repo\org\springframework\boot\spring-boot-autoconfigure\2.1.4.RELEASE\spring-boot-autoconfigure-2.1.4.RELEASE.jar;D:\apache-maven-3.6.3\maven-repo\org\springframework\boot\spring-boot-starter-logging\2.1.4.RELEASE\spring-boot-starter-logging-2.1.4.RELEASE.jar;D:\apache-maven-3.6.3\maven-repo\ch\qos\logback\logback-classic\1.2.3\logback-classic-1.2.3.jar;D:\apache-maven-3.6.3\maven-repo\ch\qos\logback\logback-core\1.2.3\logback-core-1.2.3.jar;D:\apache-maven-3.6.3\maven-repo\org\apache\logging\log4j\log4j-to-slf4j\2.11.2\log4j-to-slf4j-2.11.2.jar;D:\apache-maven-3.6.3\maven-repo\org\apache\logging\log4j\log4j-api\2.11.2\log4j-api-2.11.2.jar;D:\apache-maven-3.6.3\maven-repo\org\slf4j\jul-to-slf4j\1.7.26\jul-to-slf4j-1.7.26.jar;D:\apache-maven-3.6.3\maven-repo\javax\annotation\javax.ann
Launcher Type: SUN_STANDARD

Environment Variables:
PATH=D:\VM15\bin\;C:\Program Files (x86)\Common Files\Oracle\Java\javapath;C:\Program Files (x86)\Intel\Intel(R) Management Engine Components\iCLS\;C:\Program Files\Intel\Intel(R) Management Engine Components\iCLS\;C:\Windows\system32;C:\Windows;C:\Windows\System32\Wbem;C:\Windows\System32\WindowsPowerShell\v1.0\;C:\Windows\System32\OpenSSH\;C:\Program Files (x86)\Intel\Intel(R) Management Engine Components\DAL;C:\Program Files\Intel\Intel(R) Management Engine Components\DAL;C:\Program Files (x86)\Intel\Intel(R) Management Engine Components\IPT;C:\Program Files\Intel\Intel(R) Management Engine Components\IPT;C:\Program Files (x86)\NVIDIA Corporation\PhysX\Common;C:\WINDOWS\system32;C:\WINDOWS;C:\WINDOWS\System32\Wbem;C:\WINDOWS\System32\WindowsPowerShell\v1.0\;C:\WINDOWS\System32\OpenSSH\;C:\Program Files\MySQL\MySQL Server 5.7\bin;D:\nodejs\node_modules;;D:\微信web开发者工具\dll;C:\Users\房发科\AppData\Local\Microsoft\WindowsApps;D:\nodejs\;D:\Microsoft VS Code\bin
USERNAME=房发科
OS=Windows_NT
PROCESSOR_IDENTIFIER=Intel64 Family 6 Model 142 Stepping 10, GenuineIntel



---------------  S Y S T E M  ---------------

OS: Windows 10.0 , 64 bit Build 19041 (10.0.19041.1566)

CPU:total 8 (initial active 8) (4 cores per cpu, 2 threads per core) family 6 model 142 stepping 10, cmov, cx8, fxsr, mmx, sse, sse2, sse3, ssse3, sse4.1, sse4.2, popcnt, avx, avx2, aes, clmul, erms, 3dnowpref, lzcnt, ht, tsc, tscinvbit, bmi1, bmi2, adx

Memory: 4k page, physical 16681188k(1101132k free), swap 32129632k(80816k free)

vm_info: Java HotSpot(TM) 64-Bit Server VM (25.192-b12) for windows-amd64 JRE (1.8.0_192-b12), built on Oct  6 2018 17:12:23 by "java_re" with MS VC++ 10.0 (VS2010)

time: Thu Apr 07 19:27:10 2022
timezone: 中国标准时间
elapsed time: 55 seconds (0d 0h 0m 55s)

